<?xml version="1.0" encoding="UTF-8"?>
<testsuite xmlns:xsi="http://www.w3.org/2001/XMLSchema-instance" xsi:noNamespaceSchemaLocation="https://maven.apache.org/surefire/maven-surefire-plugin/xsd/surefire-test-report-3.0.xsd" version="3.0" name="com.sinatech.lib.domain.rialDigital.RialDigitalServiceTest" time="1.099" tests="1" errors="0" skipped="0" failures="0">
  <properties>
    <property name="sun.desktop" value="windows"/>
    <property name="awt.toolkit" value="sun.awt.windows.WToolkit"/>
    <property name="file.encoding.pkg" value="sun.io"/>
    <property name="java.specification.version" value="1.8"/>
    <property name="sun.cpu.isalist" value="amd64"/>
    <property name="sun.jnu.encoding" value="Cp1252"/>
    <property name="java.class.path" value="D:\siank-sinatech-lib\sibank-sinatech-lib\target\test-classes;D:\siank-sinatech-lib\sibank-sinatech-lib\target\classes;C:\Users\mahdi\.m2\repository\com\rahand\bpms\framework.bpmEngine\6.0.0.0\framework.bpmEngine-6.0.0.0.jar;C:\Users\mahdi\.m2\repository\com\rahand\bpms\ActivitiDroolsIntegration\6.0.0.0\ActivitiDroolsIntegration-6.0.0.0.jar;C:\Users\mahdi\.m2\repository\com\rahand\bpms\businessLogic.ruleEngine.spec\6.0.0.0\businessLogic.ruleEngine.spec-6.0.0.0.jar;C:\Users\mahdi\.m2\repository\com\rahand\bpms\framework\6.0.0.0\framework-6.0.0.0.jar;C:\Users\mahdi\.m2\repository\org\objenesis\objenesis\1.1\objenesis-1.1.jar;C:\Users\mahdi\.m2\repository\imgscalr-lib\imgscalr-lib\3.1\imgscalr-lib-3.1.jar;C:\Users\mahdi\.m2\repository\com\rahand\bpms\dataAccess.entity\6.0.0.0\dataAccess.entity-6.0.0.0.jar;C:\Users\mahdi\.m2\repository\org\apache\openjpa\openjpa-persistence-jdbc\2.2.0\openjpa-persistence-jdbc-2.2.0.jar;C:\Users\mahdi\.m2\repository\org\apache\openjpa\openjpa-jdbc\2.2.0\openjpa-jdbc-2.2.0.jar;C:\Users\mahdi\.m2\repository\org\apache\openjpa\openjpa-persistence\2.2.0\openjpa-persistence-2.2.0.jar;C:\Users\mahdi\.m2\repository\org\apache\openjpa\openjpa-kernel\2.1.1\openjpa-kernel-2.1.1.jar;C:\Users\mahdi\.m2\repository\org\apache\openjpa\openjpa-lib\2.1.1\openjpa-lib-2.1.1.jar;C:\Users\mahdi\.m2\repository\org\drools\drools-core\5.4.0.Final\drools-core-5.4.0.Final.jar;C:\Users\mahdi\.m2\repository\org\mvel\mvel2\2.1.0.drools16\mvel2-2.1.0.drools16.jar;C:\Users\mahdi\.m2\repository\org\drools\knowledge-api\5.4.0.Final\knowledge-api-5.4.0.Final.jar;C:\Users\mahdi\.m2\repository\org\drools\knowledge-internal-api\5.4.0.Final\knowledge-internal-api-5.4.0.Final.jar;C:\Users\mahdi\.m2\repository\org\drools\drools-compiler\5.4.0.Final\drools-compiler-5.4.0.Final.jar;C:\Users\mahdi\.m2\repository\org\antlr\antlr-runtime\3.3\antlr-runtime-3.3.jar;C:\Users\mahdi\.m2\repository\org\antlr\antlr\3.3\antlr-3.3.jar;C:\Users\mahdi\.m2\repository\org\antlr\stringtemplate\3.2.1\stringtemplate-3.2.1.jar;C:\Users\mahdi\.m2\repository\antlr\antlr\2.7.7\antlr-2.7.7.jar;C:\Users\mahdi\.m2\repository\org\eclipse\jdt\core\compiler\ecj\3.5.1\ecj-3.5.1.jar;C:\Users\mahdi\.m2\repository\org\drools\drools-decisiontables\5.5.0.Final\drools-decisiontables-5.5.0.Final.jar;C:\Users\mahdi\.m2\repository\org\drools\drools-templates\5.5.0.Final\drools-templates-5.5.0.Final.jar;C:\Users\mahdi\.m2\repository\net\sourceforge\jexcelapi\jxl\2.6.10\jxl-2.6.10.jar;C:\Users\mahdi\.m2\repository\org\drools\drools-verifier\5.4.0.Final\drools-verifier-5.4.0.Final.jar;C:\Users\mahdi\.m2\repository\com\google\guava\guava\r06\guava-r06.jar;C:\Users\mahdi\.m2\repository\PersianCalendar\PersianCalendar\1.0.0\PersianCalendar-1.0.0.jar;C:\Users\mahdi\.m2\repository\org\springframework\spring-core\3.1.1.RELEASE\spring-core-3.1.1.RELEASE.jar;C:\Users\mahdi\.m2\repository\org\springframework\spring-asm\3.1.1.RELEASE\spring-asm-3.1.1.RELEASE.jar;C:\Users\mahdi\.m2\repository\org\springframework\spring-expression\3.1.1.RELEASE\spring-expression-3.1.1.RELEASE.jar;C:\Users\mahdi\.m2\repository\org\springframework\spring-beans\3.1.1.RELEASE\spring-beans-3.1.1.RELEASE.jar;C:\Users\mahdi\.m2\repository\org\springframework\spring-aop\3.1.1.RELEASE\spring-aop-3.1.1.RELEASE.jar;C:\Users\mahdi\.m2\repository\aopalliance\aopalliance\1.0\aopalliance-1.0.jar;C:\Users\mahdi\.m2\repository\org\springframework\spring-context\3.1.1.RELEASE\spring-context-3.1.1.RELEASE.jar;C:\Users\mahdi\.m2\repository\org\springframework\spring-context-support\3.1.1.RELEASE\spring-context-support-3.1.1.RELEASE.jar;C:\Users\mahdi\.m2\repository\org\springframework\spring-tx\3.1.1.RELEASE\spring-tx-3.1.1.RELEASE.jar;C:\Users\mahdi\.m2\repository\org\springframework\spring-jdbc\3.1.1.RELEASE\spring-jdbc-3.1.1.RELEASE.jar;C:\Users\mahdi\.m2\repository\org\springframework\spring-orm\3.1.1.RELEASE\spring-orm-3.1.1.RELEASE.jar;C:\Users\mahdi\.m2\repository\org\springframework\spring-oxm\3.1.1.RELEASE\spring-oxm-3.1.1.RELEASE.jar;C:\Users\mahdi\.m2\repository\commons-lang\commons-lang\2.5\commons-lang-2.5.jar;C:\Users\mahdi\.m2\repository\org\springframework\spring-web\3.1.1.RELEASE\spring-web-3.1.1.RELEASE.jar;C:\Users\mahdi\.m2\repository\org\springframework\spring-webmvc\3.1.1.RELEASE\spring-webmvc-3.1.1.RELEASE.jar;C:\Users\mahdi\.m2\repository\org\springframework\spring-aspects\3.1.1.RELEASE\spring-aspects-3.1.1.RELEASE.jar;C:\Users\mahdi\.m2\repository\org\springframework\security\spring-security-config\3.1.1.RELEASE\spring-security-config-3.1.1.RELEASE.jar;C:\Users\mahdi\.m2\repository\org\springframework\security\spring-security-core\3.1.1.RELEASE\spring-security-core-3.1.1.RELEASE.jar;C:\Users\mahdi\.m2\repository\org\springframework\security\spring-security-web\3.1.1.RELEASE\spring-security-web-3.1.1.RELEASE.jar;C:\Users\mahdi\.m2\repository\org\springframework\security\spring-security-taglibs\3.1.1.RELEASE\spring-security-taglibs-3.1.1.RELEASE.jar;C:\Users\mahdi\.m2\repository\org\springframework\security\spring-security-acl\3.1.1.RELEASE\spring-security-acl-3.1.1.RELEASE.jar;C:\Users\mahdi\.m2\repository\org\hibernate\hibernate-validator\4.2.0.Final\hibernate-validator-4.2.0.Final.jar;C:\Users\mahdi\.m2\repository\javax\validation\validation-api\1.0.0.GA\validation-api-1.0.0.GA.jar;C:\Users\mahdi\.m2\repository\com\springsource\org\apache\commons\modeler\com.springsource.org.apache.commons.modeler\2.0.1\com.springsource.org.apache.commons.modeler-2.0.1.jar;C:\Users\mahdi\.m2\repository\org\apache\cxf\cxf-rt-frontend-jaxws\2.7.0\cxf-rt-frontend-jaxws-2.7.0.jar;C:\Users\mahdi\.m2\repository\org\apache\cxf\cxf-rt-transports-http\2.7.0\cxf-rt-transports-http-2.7.0.jar;C:\Users\mahdi\.m2\repository\org\apache\cxf\cxf-rt-frontend-jaxrs\2.7.0\cxf-rt-frontend-jaxrs-2.7.0.jar;C:\Users\mahdi\.m2\repository\org\apache\cxf\cxf-rt-rs-security-xml\2.7.0\cxf-rt-rs-security-xml-2.7.0.jar;C:\Users\mahdi\.m2\repository\org\apache\cxf\cxf-rt-ws-security\2.7.0\cxf-rt-ws-security-2.7.0.jar;C:\Users\mahdi\.m2\repository\org\apache\ws\security\wss4j\1.6.13\wss4j-1.6.13.jar;C:\Users\mahdi\.m2\repository\org\apache\santuario\xmlsec\1.5.6\xmlsec-1.5.6.jar;C:\Users\mahdi\.m2\repository\org\opensaml\opensaml\2.5.1-1\opensaml-2.5.1-1.jar;C:\Users\mahdi\.m2\repository\org\opensaml\openws\1.4.2-1\openws-1.4.2-1.jar;C:\Users\mahdi\.m2\repository\org\opensaml\xmltooling\1.3.2-1\xmltooling-1.3.2-1.jar;C:\Users\mahdi\.m2\repository\org\apache\neethi\neethi\3.0.2\neethi-3.0.2.jar;C:\Users\mahdi\.m2\repository\org\codehaus\woodstox\woodstox-core-asl\4.0.8\woodstox-core-asl-4.0.8.jar;C:\Users\mahdi\.m2\repository\org\codehaus\woodstox\stax2-api\3.0.2\stax2-api-3.0.2.jar;C:\Users\mahdi\.m2\repository\javax\ws\rs\javax.ws.rs-api\2.0-m10\javax.ws.rs-api-2.0-m10.jar;C:\Users\mahdi\.m2\repository\org\apache\velocity\velocity\1.6.2\velocity-1.6.2.jar;C:\Users\mahdi\.m2\repository\commons-collections\commons-collections\3.2.1\commons-collections-3.2.1.jar;C:\Users\mahdi\.m2\repository\oro\oro\2.0.8\oro-2.0.8.jar;C:\Users\mahdi\.m2\repository\org\apache\cxf\cxf\2.7.0\cxf-2.7.0.jar;C:\Users\mahdi\.m2\repository\org\apache\openjpa\openjpa\2.2.0\openjpa-2.2.0.jar;C:\Users\mahdi\.m2\repository\net\sourceforge\serp\serp\1.13.1\serp-1.13.1.jar;C:\Users\mahdi\.m2\repository\org\apache\geronimo\specs\geronimo-jms_1.1_spec\1.1.1\geronimo-jms_1.1_spec-1.1.1.jar;C:\Users\mahdi\.m2\repository\org\apache\geronimo\specs\geronimo-jta_1.1_spec\1.1.1\geronimo-jta_1.1_spec-1.1.1.jar;C:\Users\mahdi\.m2\repository\commons-pool\commons-pool\1.5.4\commons-pool-1.5.4.jar;C:\Users\mahdi\.m2\repository\asm\asm\3.2\asm-3.2.jar;C:\Users\mahdi\.m2\repository\org\apache\geronimo\specs\geronimo-jpa_2.0_spec\1.1\geronimo-jpa_2.0_spec-1.1.jar;C:\Users\mahdi\.m2\repository\com\jolbox\bonecp\0.7.1.RELEASE\bonecp-0.7.1.RELEASE.jar;C:\Users\mahdi\.m2\repository\org\codehaus\jackson\jackson-core-asl\1.9.10\jackson-core-asl-1.9.10.jar;C:\Users\mahdi\.m2\repository\org\codehaus\jackson\jackson-mapper-asl\1.9.10\jackson-mapper-asl-1.9.10.jar;C:\Users\mahdi\.m2\repository\org\codehaus\jackson\jackson-jaxrs\1.9.10\jackson-jaxrs-1.9.10.jar;C:\Users\mahdi\.m2\repository\org\codehaus\jackson\jackson-xc\1.9.2\jackson-xc-1.9.2.jar;C:\Users\mahdi\.m2\repository\org\xeustechnologies\jcl-core\2.4\jcl-core-2.4.jar;C:\Users\mahdi\.m2\repository\cglib\cglib-nodep\2.2\cglib-nodep-2.2.jar;C:\Users\mahdi\.m2\repository\org\activiti\activiti-engine\5.12.1\activiti-engine-5.12.1.jar;C:\Users\mahdi\.m2\repository\org\apache\commons\commons-email\1.2\commons-email-1.2.jar;C:\Users\mahdi\.m2\repository\org\mybatis\mybatis\3.1.1\mybatis-3.1.1.jar;C:\Users\mahdi\.m2\repository\joda-time\joda-time\2.1\joda-time-2.1.jar;C:\Users\mahdi\.m2\repository\org\slf4j\jcl-over-slf4j\1.7.2\jcl-over-slf4j-1.7.2.jar;C:\Users\mahdi\.m2\repository\org\activiti\activiti-spring\5.12.1\activiti-spring-5.12.1.jar;C:\Users\mahdi\.m2\repository\commons-dbcp\commons-dbcp\1.4\commons-dbcp-1.4.jar;C:\Users\mahdi\.m2\repository\com\rahand\bpms\bpmn-converter\6.0.0.0\bpmn-converter-6.0.0.0.jar;C:\Users\mahdi\.m2\repository\org\activiti\activiti-bpmn-model\5.12.1\activiti-bpmn-model-5.12.1.jar;C:\Users\mahdi\.m2\repository\com\fasterxml\uuid\java-uuid-generator\3.1.3\java-uuid-generator-3.1.3.jar;C:\Users\mahdi\.m2\repository\log4j\log4j\1.2.13\log4j-1.2.13.jar;C:\Users\mahdi\.m2\repository\postgresql\postgresql\9.1-901-1.jdbc4\postgresql-9.1-901-1.jdbc4.jar;C:\Users\mahdi\.m2\repository\org\apache\httpcomponents\httpclient\4.2.2\httpclient-4.2.2.jar;C:\Users\mahdi\.m2\repository\commons-codec\commons-codec\1.6\commons-codec-1.6.jar;C:\Users\mahdi\.m2\repository\org\apache\httpcomponents\httpcore-nio\4.3\httpcore-nio-4.3.jar;C:\Users\mahdi\.m2\repository\org\apache\httpcomponents\httpasyncclient\4.0\httpasyncclient-4.0.jar;C:\Users\mahdi\.m2\repository\org\apache\httpcomponents\httpcore\4.3\httpcore-4.3.jar;C:\Users\mahdi\.m2\repository\com\rahand\bpms\jclEsper\6.0.0.0\jclEsper-6.0.0.0.jar;C:\Users\mahdi\.m2\repository\com\thoughtworks\xstream\xstream\1.3.1\xstream-1.3.1.jar;C:\Users\mahdi\.m2\repository\xpp3\xpp3_min\1.1.4c\xpp3_min-1.1.4c.jar;C:\Users\mahdi\.m2\repository\rhino\js\1.7R2\js-1.7R2.jar;C:\Users\mahdi\.m2\repository\com\rahand\bpms\dataAccess.spec\6.0.0.0\dataAccess.spec-6.0.0.0.jar;C:\Users\mahdi\.m2\repository\com\rahand\common\common-lib\1.0.0\common-lib-1.0.0.jar;C:\Users\mahdi\.m2\repository\com\oracle\ojdbc\ojdbc8\19.3.0.0\ojdbc8-19.3.0.0.jar;C:\Users\mahdi\.m2\repository\com\oracle\ojdbc\ucp\19.3.0.0\ucp-19.3.0.0.jar;C:\Users\mahdi\.m2\repository\com\oracle\ojdbc\oraclepki\19.3.0.0\oraclepki-19.3.0.0.jar;C:\Users\mahdi\.m2\repository\com\oracle\ojdbc\osdt_cert\19.3.0.0\osdt_cert-19.3.0.0.jar;C:\Users\mahdi\.m2\repository\com\oracle\ojdbc\osdt_core\19.3.0.0\osdt_core-19.3.0.0.jar;C:\Users\mahdi\.m2\repository\com\oracle\ojdbc\simplefan\19.3.0.0\simplefan-19.3.0.0.jar;C:\Users\mahdi\.m2\repository\com\oracle\ojdbc\ons\19.3.0.0\ons-19.3.0.0.jar;C:\Users\mahdi\.m2\repository\com\itextpdf\itextpdf\5.5.13.3\itextpdf-5.5.13.3.jar;C:\Users\mahdi\.m2\repository\xerces\xercesImpl\2.12.2\xercesImpl-2.12.2.jar;C:\Users\mahdi\.m2\repository\org\apache\karaf\specs\org.apache.karaf.specs.java.xml\4.4.1\org.apache.karaf.specs.java.xml-4.4.1.jar;C:\Users\mahdi\.m2\repository\org\apache\geronimo\specs\geronimo-stax-api_1.2_spec\1.2\geronimo-stax-api_1.2_spec-1.2.jar;C:\Users\mahdi\.m2\repository\org\apache\karaf\specs\org.apache.karaf.specs.locator\4.4.1\org.apache.karaf.specs.locator-4.4.1.jar;C:\Users\mahdi\.m2\repository\junit\junit\4.12\junit-4.12.jar;C:\Users\mahdi\.m2\repository\org\hamcrest\hamcrest-core\1.3\hamcrest-core-1.3.jar;C:\Users\mahdi\.m2\repository\com\fasterxml\jackson\core\jackson-databind\2.7.5\jackson-databind-2.7.5.jar;C:\Users\mahdi\.m2\repository\com\fasterxml\jackson\core\jackson-annotations\2.7.0\jackson-annotations-2.7.0.jar;C:\Users\mahdi\.m2\repository\com\fasterxml\jackson\core\jackson-core\2.7.5\jackson-core-2.7.5.jar;C:\Users\mahdi\.m2\repository\com\fasterxml\jackson\datatype\jackson-datatype-jsr310\2.6.0\jackson-datatype-jsr310-2.6.0.jar;C:\Users\mahdi\.m2\repository\com\squareup\okhttp3\okhttp\3.11.0\okhttp-3.11.0.jar;C:\Users\mahdi\.m2\repository\com\squareup\okio\okio\1.14.0\okio-1.14.0.jar;C:\Users\mahdi\.m2\repository\ch\qos\logback\logback-classic\1.2.3\logback-classic-1.2.3.jar;C:\Users\mahdi\.m2\repository\ch\qos\logback\logback-core\1.2.3\logback-core-1.2.3.jar;C:\Users\mahdi\.m2\repository\org\slf4j\slf4j-api\1.7.25\slf4j-api-1.7.25.jar;C:\Users\mahdi\.m2\repository\org\apache\axis\axis\1.4\axis-1.4.jar;C:\Users\mahdi\.m2\repository\javax\xml\jaxrpc-api\1.1\jaxrpc-api-1.1.jar;C:\Users\mahdi\.m2\repository\wsdl4j\wsdl4j\1.6.2\wsdl4j-1.6.2.jar;C:\Users\mahdi\.m2\repository\javax\xml\bind\jaxb-api\2.1\jaxb-api-2.1.jar;C:\Users\mahdi\.m2\repository\javax\xml\stream\stax-api\1.0-2\stax-api-1.0-2.jar;C:\Users\mahdi\.m2\repository\com\sun\xml\bind\jaxb-impl\2.1.7\jaxb-impl-2.1.7.jar;C:\Users\mahdi\.m2\repository\jaxen\jaxen\1.1.1\jaxen-1.1.1.jar;C:\Users\mahdi\.m2\repository\dom4j\dom4j\1.6.1\dom4j-1.6.1.jar;C:\Users\mahdi\.m2\repository\jdom\jdom\1.0\jdom-1.0.jar;C:\Users\mahdi\.m2\repository\xml-apis\xml-apis\1.3.02\xml-apis-1.3.02.jar;C:\Users\mahdi\.m2\repository\xom\xom\1.0\xom-1.0.jar;C:\Users\mahdi\.m2\repository\xerces\xmlParserAPIs\2.6.2\xmlParserAPIs-2.6.2.jar;C:\Users\mahdi\.m2\repository\xalan\xalan\2.6.0\xalan-2.6.0.jar;C:\Users\mahdi\.m2\repository\com\ibm\icu\icu4j\2.6.1\icu4j-2.6.1.jar;C:\Users\mahdi\.m2\repository\javax\ws\rs\jsr311-api\1.0\jsr311-api-1.0.jar;C:\Users\mahdi\.m2\repository\commons-discovery\commons-discovery\0.5\commons-discovery-0.5.jar;C:\Users\mahdi\.m2\repository\commons-logging\commons-logging\1.1.1\commons-logging-1.1.1.jar;C:\Users\mahdi\.m2\repository\javax\xml\soap\javax.xml.soap-api\1.4.0\javax.xml.soap-api-1.4.0.jar;C:\Users\mahdi\.m2\repository\javax\activation\activation\1.1.1\activation-1.1.1.jar;C:\Users\mahdi\.m2\repository\javax\mail\mail\1.4.7\mail-1.4.7.jar;C:\Users\mahdi\.m2\repository\org\projectlombok\lombok\1.18.24\lombok-1.18.24.jar;C:\Users\mahdi\.m2\repository\org\apache\commons\commons-lang3\3.12.0\commons-lang3-3.12.0.jar;"/>
    <property name="java.vm.vendor" value="Amazon.com Inc."/>
    <property name="sun.arch.data.model" value="64"/>
    <property name="user.variant" value=""/>
    <property name="java.vendor.url" value="https://aws.amazon.com/corretto/"/>
    <property name="user.timezone" value="Asia/Tehran"/>
    <property name="java.vm.specification.version" value="1.8"/>
    <property name="os.name" value="Windows 10"/>
    <property name="user.country" value="US"/>
    <property name="sun.java.launcher" value="SUN_STANDARD"/>
    <property name="sun.boot.library.path" value="C:\Users\mahdi\.jdks\corretto-1.8.0_452\jre\bin"/>
    <property name="sun.java.command" value="C:\Users\mahdi\AppData\Local\Temp\surefire6657105819930006040\surefirebooter-20250715174852523_3.jar C:\Users\mahdi\AppData\Local\Temp\surefire6657105819930006040 2025-07-15T17-48-52_047-jvmRun1 surefire-20250715174852523_1tmp surefire_0-20250715174852523_2tmp"/>
    <property name="surefire.test.class.path" value="D:\siank-sinatech-lib\sibank-sinatech-lib\target\test-classes;D:\siank-sinatech-lib\sibank-sinatech-lib\target\classes;C:\Users\mahdi\.m2\repository\com\rahand\bpms\framework.bpmEngine\6.0.0.0\framework.bpmEngine-6.0.0.0.jar;C:\Users\mahdi\.m2\repository\com\rahand\bpms\ActivitiDroolsIntegration\6.0.0.0\ActivitiDroolsIntegration-6.0.0.0.jar;C:\Users\mahdi\.m2\repository\com\rahand\bpms\businessLogic.ruleEngine.spec\6.0.0.0\businessLogic.ruleEngine.spec-6.0.0.0.jar;C:\Users\mahdi\.m2\repository\com\rahand\bpms\framework\6.0.0.0\framework-6.0.0.0.jar;C:\Users\mahdi\.m2\repository\org\objenesis\objenesis\1.1\objenesis-1.1.jar;C:\Users\mahdi\.m2\repository\imgscalr-lib\imgscalr-lib\3.1\imgscalr-lib-3.1.jar;C:\Users\mahdi\.m2\repository\com\rahand\bpms\dataAccess.entity\6.0.0.0\dataAccess.entity-6.0.0.0.jar;C:\Users\mahdi\.m2\repository\org\apache\openjpa\openjpa-persistence-jdbc\2.2.0\openjpa-persistence-jdbc-2.2.0.jar;C:\Users\mahdi\.m2\repository\org\apache\openjpa\openjpa-jdbc\2.2.0\openjpa-jdbc-2.2.0.jar;C:\Users\mahdi\.m2\repository\org\apache\openjpa\openjpa-persistence\2.2.0\openjpa-persistence-2.2.0.jar;C:\Users\mahdi\.m2\repository\org\apache\openjpa\openjpa-kernel\2.1.1\openjpa-kernel-2.1.1.jar;C:\Users\mahdi\.m2\repository\org\apache\openjpa\openjpa-lib\2.1.1\openjpa-lib-2.1.1.jar;C:\Users\mahdi\.m2\repository\org\drools\drools-core\5.4.0.Final\drools-core-5.4.0.Final.jar;C:\Users\mahdi\.m2\repository\org\mvel\mvel2\2.1.0.drools16\mvel2-2.1.0.drools16.jar;C:\Users\mahdi\.m2\repository\org\drools\knowledge-api\5.4.0.Final\knowledge-api-5.4.0.Final.jar;C:\Users\mahdi\.m2\repository\org\drools\knowledge-internal-api\5.4.0.Final\knowledge-internal-api-5.4.0.Final.jar;C:\Users\mahdi\.m2\repository\org\drools\drools-compiler\5.4.0.Final\drools-compiler-5.4.0.Final.jar;C:\Users\mahdi\.m2\repository\org\antlr\antlr-runtime\3.3\antlr-runtime-3.3.jar;C:\Users\mahdi\.m2\repository\org\antlr\antlr\3.3\antlr-3.3.jar;C:\Users\mahdi\.m2\repository\org\antlr\stringtemplate\3.2.1\stringtemplate-3.2.1.jar;C:\Users\mahdi\.m2\repository\antlr\antlr\2.7.7\antlr-2.7.7.jar;C:\Users\mahdi\.m2\repository\org\eclipse\jdt\core\compiler\ecj\3.5.1\ecj-3.5.1.jar;C:\Users\mahdi\.m2\repository\org\drools\drools-decisiontables\5.5.0.Final\drools-decisiontables-5.5.0.Final.jar;C:\Users\mahdi\.m2\repository\org\drools\drools-templates\5.5.0.Final\drools-templates-5.5.0.Final.jar;C:\Users\mahdi\.m2\repository\net\sourceforge\jexcelapi\jxl\2.6.10\jxl-2.6.10.jar;C:\Users\mahdi\.m2\repository\org\drools\drools-verifier\5.4.0.Final\drools-verifier-5.4.0.Final.jar;C:\Users\mahdi\.m2\repository\com\google\guava\guava\r06\guava-r06.jar;C:\Users\mahdi\.m2\repository\PersianCalendar\PersianCalendar\1.0.0\PersianCalendar-1.0.0.jar;C:\Users\mahdi\.m2\repository\org\springframework\spring-core\3.1.1.RELEASE\spring-core-3.1.1.RELEASE.jar;C:\Users\mahdi\.m2\repository\org\springframework\spring-asm\3.1.1.RELEASE\spring-asm-3.1.1.RELEASE.jar;C:\Users\mahdi\.m2\repository\org\springframework\spring-expression\3.1.1.RELEASE\spring-expression-3.1.1.RELEASE.jar;C:\Users\mahdi\.m2\repository\org\springframework\spring-beans\3.1.1.RELEASE\spring-beans-3.1.1.RELEASE.jar;C:\Users\mahdi\.m2\repository\org\springframework\spring-aop\3.1.1.RELEASE\spring-aop-3.1.1.RELEASE.jar;C:\Users\mahdi\.m2\repository\aopalliance\aopalliance\1.0\aopalliance-1.0.jar;C:\Users\mahdi\.m2\repository\org\springframework\spring-context\3.1.1.RELEASE\spring-context-3.1.1.RELEASE.jar;C:\Users\mahdi\.m2\repository\org\springframework\spring-context-support\3.1.1.RELEASE\spring-context-support-3.1.1.RELEASE.jar;C:\Users\mahdi\.m2\repository\org\springframework\spring-tx\3.1.1.RELEASE\spring-tx-3.1.1.RELEASE.jar;C:\Users\mahdi\.m2\repository\org\springframework\spring-jdbc\3.1.1.RELEASE\spring-jdbc-3.1.1.RELEASE.jar;C:\Users\mahdi\.m2\repository\org\springframework\spring-orm\3.1.1.RELEASE\spring-orm-3.1.1.RELEASE.jar;C:\Users\mahdi\.m2\repository\org\springframework\spring-oxm\3.1.1.RELEASE\spring-oxm-3.1.1.RELEASE.jar;C:\Users\mahdi\.m2\repository\commons-lang\commons-lang\2.5\commons-lang-2.5.jar;C:\Users\mahdi\.m2\repository\org\springframework\spring-web\3.1.1.RELEASE\spring-web-3.1.1.RELEASE.jar;C:\Users\mahdi\.m2\repository\org\springframework\spring-webmvc\3.1.1.RELEASE\spring-webmvc-3.1.1.RELEASE.jar;C:\Users\mahdi\.m2\repository\org\springframework\spring-aspects\3.1.1.RELEASE\spring-aspects-3.1.1.RELEASE.jar;C:\Users\mahdi\.m2\repository\org\springframework\security\spring-security-config\3.1.1.RELEASE\spring-security-config-3.1.1.RELEASE.jar;C:\Users\mahdi\.m2\repository\org\springframework\security\spring-security-core\3.1.1.RELEASE\spring-security-core-3.1.1.RELEASE.jar;C:\Users\mahdi\.m2\repository\org\springframework\security\spring-security-web\3.1.1.RELEASE\spring-security-web-3.1.1.RELEASE.jar;C:\Users\mahdi\.m2\repository\org\springframework\security\spring-security-taglibs\3.1.1.RELEASE\spring-security-taglibs-3.1.1.RELEASE.jar;C:\Users\mahdi\.m2\repository\org\springframework\security\spring-security-acl\3.1.1.RELEASE\spring-security-acl-3.1.1.RELEASE.jar;C:\Users\mahdi\.m2\repository\org\hibernate\hibernate-validator\4.2.0.Final\hibernate-validator-4.2.0.Final.jar;C:\Users\mahdi\.m2\repository\javax\validation\validation-api\1.0.0.GA\validation-api-1.0.0.GA.jar;C:\Users\mahdi\.m2\repository\com\springsource\org\apache\commons\modeler\com.springsource.org.apache.commons.modeler\2.0.1\com.springsource.org.apache.commons.modeler-2.0.1.jar;C:\Users\mahdi\.m2\repository\org\apache\cxf\cxf-rt-frontend-jaxws\2.7.0\cxf-rt-frontend-jaxws-2.7.0.jar;C:\Users\mahdi\.m2\repository\org\apache\cxf\cxf-rt-transports-http\2.7.0\cxf-rt-transports-http-2.7.0.jar;C:\Users\mahdi\.m2\repository\org\apache\cxf\cxf-rt-frontend-jaxrs\2.7.0\cxf-rt-frontend-jaxrs-2.7.0.jar;C:\Users\mahdi\.m2\repository\org\apache\cxf\cxf-rt-rs-security-xml\2.7.0\cxf-rt-rs-security-xml-2.7.0.jar;C:\Users\mahdi\.m2\repository\org\apache\cxf\cxf-rt-ws-security\2.7.0\cxf-rt-ws-security-2.7.0.jar;C:\Users\mahdi\.m2\repository\org\apache\ws\security\wss4j\1.6.13\wss4j-1.6.13.jar;C:\Users\mahdi\.m2\repository\org\apache\santuario\xmlsec\1.5.6\xmlsec-1.5.6.jar;C:\Users\mahdi\.m2\repository\org\opensaml\opensaml\2.5.1-1\opensaml-2.5.1-1.jar;C:\Users\mahdi\.m2\repository\org\opensaml\openws\1.4.2-1\openws-1.4.2-1.jar;C:\Users\mahdi\.m2\repository\org\opensaml\xmltooling\1.3.2-1\xmltooling-1.3.2-1.jar;C:\Users\mahdi\.m2\repository\org\apache\neethi\neethi\3.0.2\neethi-3.0.2.jar;C:\Users\mahdi\.m2\repository\org\codehaus\woodstox\woodstox-core-asl\4.0.8\woodstox-core-asl-4.0.8.jar;C:\Users\mahdi\.m2\repository\org\codehaus\woodstox\stax2-api\3.0.2\stax2-api-3.0.2.jar;C:\Users\mahdi\.m2\repository\javax\ws\rs\javax.ws.rs-api\2.0-m10\javax.ws.rs-api-2.0-m10.jar;C:\Users\mahdi\.m2\repository\org\apache\velocity\velocity\1.6.2\velocity-1.6.2.jar;C:\Users\mahdi\.m2\repository\commons-collections\commons-collections\3.2.1\commons-collections-3.2.1.jar;C:\Users\mahdi\.m2\repository\oro\oro\2.0.8\oro-2.0.8.jar;C:\Users\mahdi\.m2\repository\org\apache\cxf\cxf\2.7.0\cxf-2.7.0.jar;C:\Users\mahdi\.m2\repository\org\apache\openjpa\openjpa\2.2.0\openjpa-2.2.0.jar;C:\Users\mahdi\.m2\repository\net\sourceforge\serp\serp\1.13.1\serp-1.13.1.jar;C:\Users\mahdi\.m2\repository\org\apache\geronimo\specs\geronimo-jms_1.1_spec\1.1.1\geronimo-jms_1.1_spec-1.1.1.jar;C:\Users\mahdi\.m2\repository\org\apache\geronimo\specs\geronimo-jta_1.1_spec\1.1.1\geronimo-jta_1.1_spec-1.1.1.jar;C:\Users\mahdi\.m2\repository\commons-pool\commons-pool\1.5.4\commons-pool-1.5.4.jar;C:\Users\mahdi\.m2\repository\asm\asm\3.2\asm-3.2.jar;C:\Users\mahdi\.m2\repository\org\apache\geronimo\specs\geronimo-jpa_2.0_spec\1.1\geronimo-jpa_2.0_spec-1.1.jar;C:\Users\mahdi\.m2\repository\com\jolbox\bonecp\0.7.1.RELEASE\bonecp-0.7.1.RELEASE.jar;C:\Users\mahdi\.m2\repository\org\codehaus\jackson\jackson-core-asl\1.9.10\jackson-core-asl-1.9.10.jar;C:\Users\mahdi\.m2\repository\org\codehaus\jackson\jackson-mapper-asl\1.9.10\jackson-mapper-asl-1.9.10.jar;C:\Users\mahdi\.m2\repository\org\codehaus\jackson\jackson-jaxrs\1.9.10\jackson-jaxrs-1.9.10.jar;C:\Users\mahdi\.m2\repository\org\codehaus\jackson\jackson-xc\1.9.2\jackson-xc-1.9.2.jar;C:\Users\mahdi\.m2\repository\org\xeustechnologies\jcl-core\2.4\jcl-core-2.4.jar;C:\Users\mahdi\.m2\repository\cglib\cglib-nodep\2.2\cglib-nodep-2.2.jar;C:\Users\mahdi\.m2\repository\org\activiti\activiti-engine\5.12.1\activiti-engine-5.12.1.jar;C:\Users\mahdi\.m2\repository\org\apache\commons\commons-email\1.2\commons-email-1.2.jar;C:\Users\mahdi\.m2\repository\org\mybatis\mybatis\3.1.1\mybatis-3.1.1.jar;C:\Users\mahdi\.m2\repository\joda-time\joda-time\2.1\joda-time-2.1.jar;C:\Users\mahdi\.m2\repository\org\slf4j\jcl-over-slf4j\1.7.2\jcl-over-slf4j-1.7.2.jar;C:\Users\mahdi\.m2\repository\org\activiti\activiti-spring\5.12.1\activiti-spring-5.12.1.jar;C:\Users\mahdi\.m2\repository\commons-dbcp\commons-dbcp\1.4\commons-dbcp-1.4.jar;C:\Users\mahdi\.m2\repository\com\rahand\bpms\bpmn-converter\6.0.0.0\bpmn-converter-6.0.0.0.jar;C:\Users\mahdi\.m2\repository\org\activiti\activiti-bpmn-model\5.12.1\activiti-bpmn-model-5.12.1.jar;C:\Users\mahdi\.m2\repository\com\fasterxml\uuid\java-uuid-generator\3.1.3\java-uuid-generator-3.1.3.jar;C:\Users\mahdi\.m2\repository\log4j\log4j\1.2.13\log4j-1.2.13.jar;C:\Users\mahdi\.m2\repository\postgresql\postgresql\9.1-901-1.jdbc4\postgresql-9.1-901-1.jdbc4.jar;C:\Users\mahdi\.m2\repository\org\apache\httpcomponents\httpclient\4.2.2\httpclient-4.2.2.jar;C:\Users\mahdi\.m2\repository\commons-codec\commons-codec\1.6\commons-codec-1.6.jar;C:\Users\mahdi\.m2\repository\org\apache\httpcomponents\httpcore-nio\4.3\httpcore-nio-4.3.jar;C:\Users\mahdi\.m2\repository\org\apache\httpcomponents\httpasyncclient\4.0\httpasyncclient-4.0.jar;C:\Users\mahdi\.m2\repository\org\apache\httpcomponents\httpcore\4.3\httpcore-4.3.jar;C:\Users\mahdi\.m2\repository\com\rahand\bpms\jclEsper\6.0.0.0\jclEsper-6.0.0.0.jar;C:\Users\mahdi\.m2\repository\com\thoughtworks\xstream\xstream\1.3.1\xstream-1.3.1.jar;C:\Users\mahdi\.m2\repository\xpp3\xpp3_min\1.1.4c\xpp3_min-1.1.4c.jar;C:\Users\mahdi\.m2\repository\rhino\js\1.7R2\js-1.7R2.jar;C:\Users\mahdi\.m2\repository\com\rahand\bpms\dataAccess.spec\6.0.0.0\dataAccess.spec-6.0.0.0.jar;C:\Users\mahdi\.m2\repository\com\rahand\common\common-lib\1.0.0\common-lib-1.0.0.jar;C:\Users\mahdi\.m2\repository\com\oracle\ojdbc\ojdbc8\19.3.0.0\ojdbc8-19.3.0.0.jar;C:\Users\mahdi\.m2\repository\com\oracle\ojdbc\ucp\19.3.0.0\ucp-19.3.0.0.jar;C:\Users\mahdi\.m2\repository\com\oracle\ojdbc\oraclepki\19.3.0.0\oraclepki-19.3.0.0.jar;C:\Users\mahdi\.m2\repository\com\oracle\ojdbc\osdt_cert\19.3.0.0\osdt_cert-19.3.0.0.jar;C:\Users\mahdi\.m2\repository\com\oracle\ojdbc\osdt_core\19.3.0.0\osdt_core-19.3.0.0.jar;C:\Users\mahdi\.m2\repository\com\oracle\ojdbc\simplefan\19.3.0.0\simplefan-19.3.0.0.jar;C:\Users\mahdi\.m2\repository\com\oracle\ojdbc\ons\19.3.0.0\ons-19.3.0.0.jar;C:\Users\mahdi\.m2\repository\com\itextpdf\itextpdf\5.5.13.3\itextpdf-5.5.13.3.jar;C:\Users\mahdi\.m2\repository\xerces\xercesImpl\2.12.2\xercesImpl-2.12.2.jar;C:\Users\mahdi\.m2\repository\org\apache\karaf\specs\org.apache.karaf.specs.java.xml\4.4.1\org.apache.karaf.specs.java.xml-4.4.1.jar;C:\Users\mahdi\.m2\repository\org\apache\geronimo\specs\geronimo-stax-api_1.2_spec\1.2\geronimo-stax-api_1.2_spec-1.2.jar;C:\Users\mahdi\.m2\repository\org\apache\karaf\specs\org.apache.karaf.specs.locator\4.4.1\org.apache.karaf.specs.locator-4.4.1.jar;C:\Users\mahdi\.m2\repository\junit\junit\4.12\junit-4.12.jar;C:\Users\mahdi\.m2\repository\org\hamcrest\hamcrest-core\1.3\hamcrest-core-1.3.jar;C:\Users\mahdi\.m2\repository\com\fasterxml\jackson\core\jackson-databind\2.7.5\jackson-databind-2.7.5.jar;C:\Users\mahdi\.m2\repository\com\fasterxml\jackson\core\jackson-annotations\2.7.0\jackson-annotations-2.7.0.jar;C:\Users\mahdi\.m2\repository\com\fasterxml\jackson\core\jackson-core\2.7.5\jackson-core-2.7.5.jar;C:\Users\mahdi\.m2\repository\com\fasterxml\jackson\datatype\jackson-datatype-jsr310\2.6.0\jackson-datatype-jsr310-2.6.0.jar;C:\Users\mahdi\.m2\repository\com\squareup\okhttp3\okhttp\3.11.0\okhttp-3.11.0.jar;C:\Users\mahdi\.m2\repository\com\squareup\okio\okio\1.14.0\okio-1.14.0.jar;C:\Users\mahdi\.m2\repository\ch\qos\logback\logback-classic\1.2.3\logback-classic-1.2.3.jar;C:\Users\mahdi\.m2\repository\ch\qos\logback\logback-core\1.2.3\logback-core-1.2.3.jar;C:\Users\mahdi\.m2\repository\org\slf4j\slf4j-api\1.7.25\slf4j-api-1.7.25.jar;C:\Users\mahdi\.m2\repository\org\apache\axis\axis\1.4\axis-1.4.jar;C:\Users\mahdi\.m2\repository\javax\xml\jaxrpc-api\1.1\jaxrpc-api-1.1.jar;C:\Users\mahdi\.m2\repository\wsdl4j\wsdl4j\1.6.2\wsdl4j-1.6.2.jar;C:\Users\mahdi\.m2\repository\javax\xml\bind\jaxb-api\2.1\jaxb-api-2.1.jar;C:\Users\mahdi\.m2\repository\javax\xml\stream\stax-api\1.0-2\stax-api-1.0-2.jar;C:\Users\mahdi\.m2\repository\com\sun\xml\bind\jaxb-impl\2.1.7\jaxb-impl-2.1.7.jar;C:\Users\mahdi\.m2\repository\jaxen\jaxen\1.1.1\jaxen-1.1.1.jar;C:\Users\mahdi\.m2\repository\dom4j\dom4j\1.6.1\dom4j-1.6.1.jar;C:\Users\mahdi\.m2\repository\jdom\jdom\1.0\jdom-1.0.jar;C:\Users\mahdi\.m2\repository\xml-apis\xml-apis\1.3.02\xml-apis-1.3.02.jar;C:\Users\mahdi\.m2\repository\xom\xom\1.0\xom-1.0.jar;C:\Users\mahdi\.m2\repository\xerces\xmlParserAPIs\2.6.2\xmlParserAPIs-2.6.2.jar;C:\Users\mahdi\.m2\repository\xalan\xalan\2.6.0\xalan-2.6.0.jar;C:\Users\mahdi\.m2\repository\com\ibm\icu\icu4j\2.6.1\icu4j-2.6.1.jar;C:\Users\mahdi\.m2\repository\javax\ws\rs\jsr311-api\1.0\jsr311-api-1.0.jar;C:\Users\mahdi\.m2\repository\commons-discovery\commons-discovery\0.5\commons-discovery-0.5.jar;C:\Users\mahdi\.m2\repository\commons-logging\commons-logging\1.1.1\commons-logging-1.1.1.jar;C:\Users\mahdi\.m2\repository\javax\xml\soap\javax.xml.soap-api\1.4.0\javax.xml.soap-api-1.4.0.jar;C:\Users\mahdi\.m2\repository\javax\activation\activation\1.1.1\activation-1.1.1.jar;C:\Users\mahdi\.m2\repository\javax\mail\mail\1.4.7\mail-1.4.7.jar;C:\Users\mahdi\.m2\repository\org\projectlombok\lombok\1.18.24\lombok-1.18.24.jar;C:\Users\mahdi\.m2\repository\org\apache\commons\commons-lang3\3.12.0\commons-lang3-3.12.0.jar;"/>
    <property name="sun.cpu.endian" value="little"/>
    <property name="user.home" value="C:\Users\mahdi"/>
    <property name="user.language" value="en"/>
    <property name="java.specification.vendor" value="Oracle Corporation"/>
    <property name="deployment.system.config" value="file:///C:/JavaPolicy/deployment.config"/>
    <property name="java.home" value="C:\Users\mahdi\.jdks\corretto-1.8.0_452\jre"/>
    <property name="basedir" value="D:\siank-sinatech-lib\sibank-sinatech-lib"/>
    <property name="file.separator" value="\"/>
    <property name="line.separator" value="&#10;"/>
    <property name="java.vm.specification.vendor" value="Oracle Corporation"/>
    <property name="java.specification.name" value="Java Platform API Specification"/>
    <property name="java.awt.graphicsenv" value="sun.awt.Win32GraphicsEnvironment"/>
    <property name="surefire.real.class.path" value="C:\Users\mahdi\AppData\Local\Temp\surefire6657105819930006040\surefirebooter-20250715174852523_3.jar"/>
    <property name="sun.boot.class.path" value="C:\Users\mahdi\.jdks\corretto-1.8.0_452\jre\lib\resources.jar;C:\Users\mahdi\.jdks\corretto-1.8.0_452\jre\lib\rt.jar;C:\Users\mahdi\.jdks\corretto-1.8.0_452\jre\lib\sunrsasign.jar;C:\Users\mahdi\.jdks\corretto-1.8.0_452\jre\lib\jsse.jar;C:\Users\mahdi\.jdks\corretto-1.8.0_452\jre\lib\jce.jar;C:\Users\mahdi\.jdks\corretto-1.8.0_452\jre\lib\charsets.jar;C:\Users\mahdi\.jdks\corretto-1.8.0_452\jre\lib\jfr.jar;C:\Users\mahdi\.jdks\corretto-1.8.0_452\jre\classes"/>
    <property name="user.script" value=""/>
    <property name="sun.management.compiler" value="HotSpot 64-Bit Tiered Compilers"/>
    <property name="java.runtime.version" value="1.8.0_452-b09"/>
    <property name="user.name" value="mahdi"/>
    <property name="path.separator" value=";"/>
    <property name="os.version" value="10.0"/>
    <property name="java.endorsed.dirs" value="C:\Users\mahdi\.jdks\corretto-1.8.0_452\jre\lib\endorsed"/>
    <property name="java.runtime.name" value="OpenJDK Runtime Environment"/>
    <property name="file.encoding" value="Cp1252"/>
    <property name="java.vm.name" value="OpenJDK 64-Bit Server VM"/>
    <property name="localRepository" value="C:\Users\mahdi\.m2\repository"/>
    <property name="java.vendor.url.bug" value="https://github.com/corretto/corretto-8/issues/"/>
    <property name="java.io.tmpdir" value="C:\Users\mahdi\AppData\Local\Temp\"/>
    <property name="idea.version" value="2025.1.1.1"/>
    <property name="java.version" value="1.8.0_452"/>
    <property name="user.dir" value="D:\siank-sinatech-lib\sibank-sinatech-lib"/>
    <property name="os.arch" value="amd64"/>
    <property name="java.vm.specification.name" value="Java Virtual Machine Specification"/>
    <property name="java.awt.printerjob" value="sun.awt.windows.WPrinterJob"/>
    <property name="sun.os.patch.level" value=""/>
    <property name="java.library.path" value="C:\Users\mahdi\.jdks\corretto-1.8.0_452\jre\bin;C:\Windows\Sun\Java\bin;C:\Windows\system32;C:\Windows;C:\Program Files\Common Files\Oracle\Java\javapath;C:\Program Files (x86)\Common Files\Oracle\Java\java8path;C:\Program Files (x86)\Common Files\Oracle\Java\javapath;C:\Program Files (x86)\Intel\iCLS Client\;C:\Program Files\Intel\iCLS Client\;C:\Windows\system32;C:\Windows;C:\Windows\System32\Wbem;C:\Windows\System32\WindowsPowerShell\v1.0\;C:\Program Files (x86)\NVIDIA Corporation\PhysX\Common;C:\Program Files (x86)\Intel\Intel(R) Management Engine Components\DAL;C:\Program Files\Intel\Intel(R) Management Engine Components\DAL;C:\Program Files (x86)\Intel\Intel(R) Management Engine Components\IPT;C:\Program Files\Intel\Intel(R) Management Engine Components\IPT;C:\Program Files\Intel\WiFi\bin\;C:\Program Files\Common Files\Intel\WirelessCommon\;C:\Windows\system32;C:\Windows;C:\Windows\System32\Wbem;C:\Windows\System32\WindowsPowerShell\v1.0\;C:\Windows\System32\OpenSSH\;C:\Program Files\dotnet\;C:\ProgramData\chocolatey\bin;C:\Program Files\nodejs\;C:\Program Files\Git\cmd;D:\apache-maven-3.9.9\bin;C:\Program Files\PuTTY\;C:\Users\mahdi\AppData\Local\Microsoft\WindowsApps;;C:\Users\mahdi\AppData\Local\Programs\Microsoft VS Code\bin;C:\Users\mahdi\AppData\Roaming\npm;C:\Program Files\JetBrains\IntelliJ IDEA 2025.1.1.1\bin;;."/>
    <property name="java.vm.info" value="mixed mode"/>
    <property name="java.vendor" value="Amazon.com Inc."/>
    <property name="java.vm.version" value="25.452-b09"/>
    <property name="java.specification.maintenance.version" value="6"/>
    <property name="java.ext.dirs" value="C:\Users\mahdi\.jdks\corretto-1.8.0_452\jre\lib\ext;C:\Windows\Sun\Java\lib\ext"/>
    <property name="sun.io.unicode.encoding" value="UnicodeLittle"/>
    <property name="java.class.version" value="52.0"/>
  </properties>
  <testcase name="getToken" classname="com.sinatech.lib.domain.rialDigital.RialDigitalServiceTest" time="1.025">
    <system-out><![CDATA[jhDjAnEpyQ3ZLVwNqeKXQw==
]]></system-out>
  </testcase>
</testsuite>